make all --print-data-base --no-builtin-variables --no-builtin-rules --question
# GNU Make 3.81
# Copyright (C) 2006  Free Software Foundation, Inc.
# This is free software; see the source for copying conditions.
# There is NO warranty; not even for MERCHANTABILITY or FITNESS FOR A
# PARTICULAR PURPOSE.

 
# This program built for i386-apple-darwin11.3.0
 

# Make data base, printed on Wed Jul 27 11:56:50 2022

# Variables

# automatic
<D = $(patsubst %/,%,$(dir $<))
 
# automatic
?F = $(notdir $?)
# environment
ELECTRON_NO_ATTACH_CONSOLE = 1
# environment
VSCODE_LOG_NATIVE = false
# automatic
?D = $(patsubst %/,%,$(dir $?))
# automatic
@D = $(patsubst %/,%,$(dir $@))
# automatic
@F = $(notdir $@)
# makefile
CURDIR := /Users/dino/Desktop/Cub3D
# makefile
SHELL = /bin/sh
# environment
VSCODE_NLS_CONFIG = {"locale":"ko","availableLanguages":{"*":"ko"},"_languagePackId":"26f3b44ea4f1e942cca002e9545643cc.ko","_translationsConfigFile":"/Users/dino/Library/Application Support/Code/clp/26f3b44ea4f1e942cca002e9545643cc.ko/tcf.json","_cacheRoot":"/Users/dino/Library/Application Support/Code/clp/26f3b44ea4f1e942cca002e9545643cc.ko","_resolvedLanguagePackCoreLocation":"/Users/dino/Library/Application Support/Code/clp/26f3b44ea4f1e942cca002e9545643cc.ko/30d9c6cd9483b2cc586687151bcbcd635f373630","_corruptedFile":"/Users/dino/Library/Application Support/Code/clp/26f3b44ea4f1e942cca002e9545643cc.ko/corrupted.info","_languagePackSupport":true}
# environment
_ = /usr/bin/make
# makefile (from `Makefile', line 1)
MAKEFILE_LIST :=  Makefile
# environment
VSCODE_VERBOSE_LOGGING = true
# environment
__CFBundleIdentifier = com.microsoft.VSCode
# environment
P9K_SSH = 0
# environment
VSCODE_IPC_HOOK_EXTHOST = /var/folders/cr/mgxd5cpx6hz6wr115_yctc080000gn/T/vscode-ipc-65c8ebee-99c7-4084-b61a-b5efaf6f2009.sock
# environment
VSCODE_CWD = /Users/dino/Desktop/Cub3D
# makefile (from `Makefile', line 9)
OPENGL_FLAG = -I ./minilibx_opengl_20191021
# environment
PATH = /Users/dino/.rbenv/shims:/Users/dino/.rbenv/bin:/opt/homebrew/bin:/usr/local/bin:/usr/bin:/bin:/usr/sbin:/sbin:/Library/Apple/usr/bin
# environment
LSCOLORS = Gxfxcxdxbxegedabagacad
# environment
VSCODE_LOG_STACK = false
# environment
ELECTRON_RUN_AS_NODE = 1
# default
.FEATURES := target-specific order-only second-expansion else-if archives jobserver check-symlink
# makefile (from `Makefile', line 17)
DIR = test/main.c
# environment
SSH_AUTH_SOCK = /private/tmp/com.apple.launchd.hsAwyW1dCG/Listeners
# automatic
%F = $(notdir $%)
# environment
VSCODE_PIPE_LOGGING = true
# makefile (from `Makefile', line 21)
OBJS = $(SRCS:.c=.o)
# environment
PWD = /Users/dino/Desktop/Cub3D
# environment
ORIGINAL_XDG_CURRENT_DESKTOP = undefined
# environment
VSCODE_AMD_ENTRYPOINT = vs/workbench/api/node/extensionHostProcess
# environment
HOME = /Users/dino
# default
MAKEFILEPATH = $(shell /usr/bin/xcode-select -print-path 2>/dev/null || echo /Developer)/Makefiles
# environment
VSCODE_CLI = 1
# environment
VSCODE_CODE_CACHE_PATH = /Users/dino/Library/Application Support/Code/CachedData/30d9c6cd9483b2cc586687151bcbcd635f373630
# environment
LOGNAME = dino
# environment
APPLICATION_INSIGHTS_NO_DIAGNOSTIC_CHANNEL = 1
# environment
ZSH = /Users/dino/.oh-my-zsh
# makefile (from `Makefile', line 5)
CFLAG = -Werror -Wall -Wextra -I include
# environment
VSCODE_HANDLES_UNCAUGHT_ERRORS = true
# automatic
^D = $(patsubst %/,%,$(dir $^))
# environment
HOMEBREW_NO_INSTALL_CLEANUP = TRUE
# environment
XPC_FLAGS = 0x0
# environment
COLORTERM = truecolor
# default
MAKE = $(MAKE_COMMAND)
# environment
LC_TERMINAL = iTerm2
# makefile (from `Makefile', line 19)
SRCS = $(DIR)
# environment
SHLVL = 3
# makefile (from `Makefile', line 11)
LIBFT = libft/libft.a
# makefile (from `Makefile', line 3)
CC = gcc
# default
MAKE_VERSION := 3.81
# environment
USER = dino
# makefile
.DEFAULT_GOAL := all
# default
MAKECMDGOALS := all
# environment
TERM_SESSION_ID = w0t0p0:D7A6134A-C2C6-4078-B5FD-9756CB68B870
# makefile (from `Makefile', line 1)
NAME = cub3D
# environment
LESS = -R
# automatic
%D = $(patsubst %/,%,$(dir $%))
# default
MAKE_COMMAND := /Library/Developer/CommandLineTools/usr/bin/make
# makefile (from `Makefile', line 15)
OPENGL_LIB = minilibx_opengl_20191021/libmlx.a
# environment
TERM_PROGRAM = iTerm.app
# default
.VARIABLES := 
# environment
TMPDIR = /var/folders/cr/mgxd5cpx6hz6wr115_yctc080000gn/T/
# automatic
*F = $(notdir $*)
# environment
VSCODE_IPC_HOOK = /Users/dino/Library/Application Support/Code/1.68.1-main.sock
# makefile
MAKEFLAGS = Rrqp
# environment
MFLAGS = -Rrqp
# automatic
*D = $(patsubst %/,%,$(dir $*))
# environment
TERM_PROGRAM_VERSION = 3.4.15
# environment
MAIL = dino@student.42seoul.kr
 
# environment
XPC_SERVICE_NAME = application.com.microsoft.VSCode.12684970.12684976.3A1C0F3E-5564-47C7-A391-683BF38F7E87
# environment
LC_TERMINAL_VERSION = 3.4.15
# automatic
+D = $(patsubst %/,%,$(dir $+))
# automatic
+F = $(notdir $+)
# environment
ITERM_SESSION_ID = w0t0p0:D7A6134A-C2C6-4078-B5FD-9756CB68B870
# environment
COLORFGBG = 15;0
# environment
__CF_USER_TEXT_ENCODING = 0x1F5:0x3:0x33
# environment
COMMAND_MODE = unix2003
# default
MAKEFILES := 
# environment
RBENV_SHELL = zsh
# automatic
<F = $(notdir $<)
# environment
ITERM_PROFILE = Default
# environment
PAGER = less
# environment
LC_ALL = C
# makefile (from `Makefile', line 7)
MMS_FLAG = -L . -lmlx -I minilibx_mms_20200219 -framework OpenGl -framework Appkit
# environment
P9K_TTY = old
# automatic
^F = $(notdir $^)
# default
SUFFIXES := 
# environment
MAKELEVEL := 0
# makefile (from `Makefile', line 13)
MMS_LIB = minilibx_mms_20200219/libmlx.dylib
# environment
LANG = C
# environment
TERM = xterm-256color
# environment
_P9K_TTY = /dev/ttys000
# environment
VSCODE_PID = 2035
# variable set hash-table stats:
# Load=94/1024=9%, Rehash=0, Collisions=10/122=8%

# Pattern-specific Variable Values

# No pattern-specific variable values.

# Directories

# . (device 16777231, inode 13819238): 14 files, no impossibilities.
# test (device 16777231, inode 13819547): 4 files, no impossibilities so far.

# 18 files, no impossibilities in 2 directories.

# Implicit Rules

%.o: %.c
#  commands to execute (from `Makefile', line 40):
	$(CC) $(CFLAG) -c $< -o $@
	

# 1 implicit rules, 0 (0.0%) terminal.

# Files

test/main.o: test/main.c
#  Implicit rule search has been done.
#  Implicit/static pattern stem: `test/main'
#  Last modified 2022-07-27 11:28:24
#  File has been updated.
#  Successfully updated.
# variable set hash-table stats:
# Load=0/32=0%, Rehash=0, Collisions=0/0=0%
#  commands to execute (from `Makefile', line 40):
	$(CC) $(CFLAG) -c $< -o $@
	

all: cub3D
#  Phony target (prerequisite of .PHONY).
#  Command-line target.
#  Implicit rule search has not been done.
#  File does not exist.
#  File has been updated.
#  Successfully updated.
# variable set hash-table stats:
# Load=0/32=0%, Rehash=0, Collisions=0/0=0%

.PHONY: all clean fclean re
#  Implicit rule search has not been done.
#  Modification time never checked.
#  File has not been updated.

cub3D: test/main.o
#  Implicit rule search has not been done.
#  Last modified 2022-07-27 11:28:24
#  File has been updated.
#  Successfully updated.
# variable set hash-table stats:
# Load=0/32=0%, Rehash=0, Collisions=0/0=0%
#  commands to execute (from `Makefile', line 36):
	@make -C libft
	$(CC) $(CFLAG) $(MMS_FLAG) -o $@ $^ $(LIBFT)
	

# Not a target:
.SUFFIXES:
#  Implicit rule search has not been done.
#  Modification time never checked.
#  File has not been updated.

# Not a target:
Makefile:
#  Implicit rule search has been done.
#  Last modified 2022-07-27 11:56:47
#  File has been updated.
#  Successfully updated.
# variable set hash-table stats:
# Load=0/32=0%, Rehash=0, Collisions=0/0=0%

# Not a target:
test/main.c:
#  Implicit rule search has been done.
#  Last modified 2022-07-27 11:28:24
#  File has been updated.
#  Successfully updated.
# variable set hash-table stats:
# Load=0/32=0%, Rehash=0, Collisions=0/0=0%

fclean: clean
#  Phony target (prerequisite of .PHONY).
#  Implicit rule search has not been done.
#  File does not exist.
#  File has not been updated.
#  commands to execute (from `Makefile', line 30):
	@rm -rf libft/libft.a
	rm -f $(NAME)
	

# Not a target:
.DEFAULT:
#  Implicit rule search has not been done.
#  Modification time never checked.
#  File has not been updated.

re: fclean all
#  Phony target (prerequisite of .PHONY).
#  Implicit rule search has not been done.
#  File does not exist.
#  File has not been updated.

clean:
#  Phony target (prerequisite of .PHONY).
#  Implicit rule search has not been done.
#  File does not exist.
#  File has not been updated.
#  commands to execute (from `Makefile', line 26):
	@make -C libft clean
	rm -f $(OBJS)
	

# files hash-table stats:
# Load=11/1024=1%, Rehash=0, Collisions=0/36=0%
# VPATH Search Paths

# No `vpath' search paths.

# No general (`VPATH' variable) search path.

# # of strings in strcache: 1
# # of strcache buffers: 1
# strcache size: total = 4096 / max = 4096 / min = 4096 / avg = 4096
# strcache free: total = 4087 / max = 4087 / min = 4087 / avg = 4087

# Finished Make data base on Wed Jul 27 11:56:50 2022

 
